2022-11-13 04:41:57,850 INFO 68831 [Job#16682857178485759652673563332] /Users/jan/Desktop/pocketbook/node_modules/egg-multipart/app/schedule/clean_tmpdir.js executing by app
2022-11-13 04:41:57,854 INFO 68831 [Job#16682857178485759652673563332] /Users/jan/Desktop/pocketbook/node_modules/egg-multipart/app/schedule/clean_tmpdir.js execute succeed, used 3ms. 
2022-11-13 04:41:57,850 INFO 67401 [Timer] /Users/jan/Desktop/pocketbook/node_modules/egg-multipart/app/schedule/clean_tmpdir.js next time will execute after 85682152ms at 2022-11-14 04:30:00.002
2022-11-13 13:41:25,051 INFO 71014 [Timer] /Users/jan/Desktop/pocketbook/node_modules/egg-multipart/app/schedule/clean_tmpdir.js next time will execute after 53314951ms at 2022-11-14 04:30:00.001
2022-11-13 13:41:25,051 INFO 71014 [Timer] /Users/jan/Desktop/pocketbook/node_modules/egg-logrotator/app/schedule/clean_log.js next time will execute after 37114949ms at 2022-11-14 00:00:00.000
2022-11-13 13:41:25,051 INFO 71014 [Timer] /Users/jan/Desktop/pocketbook/node_modules/egg-logrotator/app/schedule/rotate_by_file.js next time will execute after 37115949ms at 2022-11-14 00:00:01.000
2022-11-13 13:41:24,945 INFO 71015 [egg-schedule]: register schedule /Users/jan/Desktop/pocketbook/node_modules/egg-multipart/app/schedule/clean_tmpdir.js
2022-11-13 13:41:24,945 INFO 71015 [egg-schedule]: register schedule /Users/jan/Desktop/pocketbook/node_modules/egg-logrotator/app/schedule/clean_log.js
2022-11-13 13:41:24,945 INFO 71015 [egg-schedule]: register schedule /Users/jan/Desktop/pocketbook/node_modules/egg-logrotator/app/schedule/rotate_by_file.js
2022-11-13 14:46:00,135 INFO 71573 [egg-schedule]: register schedule /Users/jan/Desktop/pocketbook/node_modules/egg-multipart/app/schedule/clean_tmpdir.js
2022-11-13 14:46:00,136 INFO 71573 [egg-schedule]: register schedule /Users/jan/Desktop/pocketbook/node_modules/egg-logrotator/app/schedule/clean_log.js
2022-11-13 14:46:00,136 INFO 71573 [egg-schedule]: register schedule /Users/jan/Desktop/pocketbook/node_modules/egg-logrotator/app/schedule/rotate_by_file.js
2022-11-13 14:47:46,588 INFO 71595 [egg-schedule]: register schedule /Users/jan/Desktop/pocketbook/node_modules/egg-multipart/app/schedule/clean_tmpdir.js
2022-11-13 14:47:46,589 INFO 71595 [egg-schedule]: register schedule /Users/jan/Desktop/pocketbook/node_modules/egg-logrotator/app/schedule/clean_log.js
2022-11-13 14:47:46,589 INFO 71595 [egg-schedule]: register schedule /Users/jan/Desktop/pocketbook/node_modules/egg-logrotator/app/schedule/rotate_by_file.js
2022-11-13 14:48:15,569 INFO 71615 [egg-schedule]: register schedule /Users/jan/Desktop/pocketbook/node_modules/egg-multipart/app/schedule/clean_tmpdir.js
2022-11-13 14:48:15,569 INFO 71615 [egg-schedule]: register schedule /Users/jan/Desktop/pocketbook/node_modules/egg-logrotator/app/schedule/clean_log.js
2022-11-13 14:48:15,569 INFO 71615 [egg-schedule]: register schedule /Users/jan/Desktop/pocketbook/node_modules/egg-logrotator/app/schedule/rotate_by_file.js
2022-11-13 15:03:33,724 INFO 72025 [Timer] /Users/jan/Desktop/pocketbook/node_modules/egg-multipart/app/schedule/clean_tmpdir.js next time will execute after 48386278ms at 2022-11-14 04:30:00.002
2022-11-13 15:03:33,724 INFO 72025 [Timer] /Users/jan/Desktop/pocketbook/node_modules/egg-logrotator/app/schedule/clean_log.js next time will execute after 32186276ms at 2022-11-14 00:00:00.000
2022-11-13 15:03:33,724 INFO 72025 [Timer] /Users/jan/Desktop/pocketbook/node_modules/egg-logrotator/app/schedule/rotate_by_file.js next time will execute after 32187276ms at 2022-11-14 00:00:01.000
2022-11-13 15:03:33,645 INFO 72028 [egg-schedule]: register schedule /Users/jan/Desktop/pocketbook/node_modules/egg-multipart/app/schedule/clean_tmpdir.js
2022-11-13 15:03:33,645 INFO 72028 [egg-schedule]: register schedule /Users/jan/Desktop/pocketbook/node_modules/egg-logrotator/app/schedule/clean_log.js
2022-11-13 15:03:33,645 INFO 72028 [egg-schedule]: register schedule /Users/jan/Desktop/pocketbook/node_modules/egg-logrotator/app/schedule/rotate_by_file.js
2022-11-13 15:03:52,833 INFO 72065 [egg-schedule]: register schedule /Users/jan/Desktop/pocketbook/node_modules/egg-multipart/app/schedule/clean_tmpdir.js
2022-11-13 15:03:52,833 INFO 72065 [egg-schedule]: register schedule /Users/jan/Desktop/pocketbook/node_modules/egg-logrotator/app/schedule/clean_log.js
2022-11-13 15:03:52,833 INFO 72065 [egg-schedule]: register schedule /Users/jan/Desktop/pocketbook/node_modules/egg-logrotator/app/schedule/rotate_by_file.js
2022-11-13 15:05:16,991 INFO 72096 [egg-schedule]: register schedule /Users/jan/Desktop/pocketbook/node_modules/egg-multipart/app/schedule/clean_tmpdir.js
2022-11-13 15:05:16,991 INFO 72096 [egg-schedule]: register schedule /Users/jan/Desktop/pocketbook/node_modules/egg-logrotator/app/schedule/clean_log.js
2022-11-13 15:05:16,991 INFO 72096 [egg-schedule]: register schedule /Users/jan/Desktop/pocketbook/node_modules/egg-logrotator/app/schedule/rotate_by_file.js
2022-11-13 15:05:18,006 INFO 72101 [egg-schedule]: register schedule /Users/jan/Desktop/pocketbook/node_modules/egg-multipart/app/schedule/clean_tmpdir.js
2022-11-13 15:05:18,006 INFO 72101 [egg-schedule]: register schedule /Users/jan/Desktop/pocketbook/node_modules/egg-logrotator/app/schedule/clean_log.js
2022-11-13 15:05:18,006 INFO 72101 [egg-schedule]: register schedule /Users/jan/Desktop/pocketbook/node_modules/egg-logrotator/app/schedule/rotate_by_file.js
2022-11-13 15:05:58,841 INFO 72119 [egg-schedule]: register schedule /Users/jan/Desktop/pocketbook/node_modules/egg-multipart/app/schedule/clean_tmpdir.js
2022-11-13 15:05:58,841 INFO 72119 [egg-schedule]: register schedule /Users/jan/Desktop/pocketbook/node_modules/egg-logrotator/app/schedule/clean_log.js
2022-11-13 15:05:58,841 INFO 72119 [egg-schedule]: register schedule /Users/jan/Desktop/pocketbook/node_modules/egg-logrotator/app/schedule/rotate_by_file.js
2022-11-13 15:12:42,061 INFO 72186 [egg-schedule]: register schedule /Users/jan/Desktop/pocketbook/node_modules/egg-multipart/app/schedule/clean_tmpdir.js
2022-11-13 15:12:42,062 INFO 72186 [egg-schedule]: register schedule /Users/jan/Desktop/pocketbook/node_modules/egg-logrotator/app/schedule/clean_log.js
2022-11-13 15:12:42,062 INFO 72186 [egg-schedule]: register schedule /Users/jan/Desktop/pocketbook/node_modules/egg-logrotator/app/schedule/rotate_by_file.js
2022-11-13 15:43:27,367 INFO 72646 [egg-schedule]: register schedule /Users/jan/Desktop/pocketbook/node_modules/egg-multipart/app/schedule/clean_tmpdir.js
2022-11-13 15:43:27,367 INFO 72646 [egg-schedule]: register schedule /Users/jan/Desktop/pocketbook/node_modules/egg-logrotator/app/schedule/clean_log.js
2022-11-13 15:43:27,367 INFO 72646 [egg-schedule]: register schedule /Users/jan/Desktop/pocketbook/node_modules/egg-logrotator/app/schedule/rotate_by_file.js
2022-11-13 15:44:38,073 INFO 72676 [egg-schedule]: register schedule /Users/jan/Desktop/pocketbook/node_modules/egg-multipart/app/schedule/clean_tmpdir.js
2022-11-13 15:44:38,073 INFO 72676 [egg-schedule]: register schedule /Users/jan/Desktop/pocketbook/node_modules/egg-logrotator/app/schedule/clean_log.js
2022-11-13 15:44:38,073 INFO 72676 [egg-schedule]: register schedule /Users/jan/Desktop/pocketbook/node_modules/egg-logrotator/app/schedule/rotate_by_file.js
2022-11-13 15:46:07,570 INFO 72762 [egg-schedule]: register schedule /Users/jan/Desktop/pocketbook/node_modules/egg-multipart/app/schedule/clean_tmpdir.js
2022-11-13 15:46:07,570 INFO 72762 [egg-schedule]: register schedule /Users/jan/Desktop/pocketbook/node_modules/egg-logrotator/app/schedule/clean_log.js
2022-11-13 15:46:07,570 INFO 72762 [egg-schedule]: register schedule /Users/jan/Desktop/pocketbook/node_modules/egg-logrotator/app/schedule/rotate_by_file.js
2022-11-13 15:46:28,162 INFO 72785 [egg-schedule]: register schedule /Users/jan/Desktop/pocketbook/node_modules/egg-multipart/app/schedule/clean_tmpdir.js
2022-11-13 15:46:28,162 INFO 72785 [egg-schedule]: register schedule /Users/jan/Desktop/pocketbook/node_modules/egg-logrotator/app/schedule/clean_log.js
2022-11-13 15:46:28,162 INFO 72785 [egg-schedule]: register schedule /Users/jan/Desktop/pocketbook/node_modules/egg-logrotator/app/schedule/rotate_by_file.js
2022-11-13 15:47:43,942 INFO 72815 [egg-schedule]: register schedule /Users/jan/Desktop/pocketbook/node_modules/egg-multipart/app/schedule/clean_tmpdir.js
2022-11-13 15:47:43,942 INFO 72815 [egg-schedule]: register schedule /Users/jan/Desktop/pocketbook/node_modules/egg-logrotator/app/schedule/clean_log.js
2022-11-13 15:47:43,942 INFO 72815 [egg-schedule]: register schedule /Users/jan/Desktop/pocketbook/node_modules/egg-logrotator/app/schedule/rotate_by_file.js
2022-11-13 15:48:08,699 INFO 72860 [egg-schedule]: register schedule /Users/jan/Desktop/pocketbook/node_modules/egg-multipart/app/schedule/clean_tmpdir.js
2022-11-13 15:48:08,699 INFO 72860 [egg-schedule]: register schedule /Users/jan/Desktop/pocketbook/node_modules/egg-logrotator/app/schedule/clean_log.js
2022-11-13 15:48:08,699 INFO 72860 [egg-schedule]: register schedule /Users/jan/Desktop/pocketbook/node_modules/egg-logrotator/app/schedule/rotate_by_file.js
2022-11-13 15:48:55,355 INFO 72878 [egg-schedule]: register schedule /Users/jan/Desktop/pocketbook/node_modules/egg-multipart/app/schedule/clean_tmpdir.js
2022-11-13 15:48:55,355 INFO 72878 [egg-schedule]: register schedule /Users/jan/Desktop/pocketbook/node_modules/egg-logrotator/app/schedule/clean_log.js
2022-11-13 15:48:55,355 INFO 72878 [egg-schedule]: register schedule /Users/jan/Desktop/pocketbook/node_modules/egg-logrotator/app/schedule/rotate_by_file.js
2022-11-13 15:48:59,998 INFO 72895 [egg-schedule]: register schedule /Users/jan/Desktop/pocketbook/node_modules/egg-multipart/app/schedule/clean_tmpdir.js
2022-11-13 15:48:59,998 INFO 72895 [egg-schedule]: register schedule /Users/jan/Desktop/pocketbook/node_modules/egg-logrotator/app/schedule/clean_log.js
2022-11-13 15:48:59,998 INFO 72895 [egg-schedule]: register schedule /Users/jan/Desktop/pocketbook/node_modules/egg-logrotator/app/schedule/rotate_by_file.js
2022-11-13 15:49:53,963 INFO 72929 [Timer] /Users/jan/Desktop/pocketbook/node_modules/egg-multipart/app/schedule/clean_tmpdir.js next time will execute after 45606039ms at 2022-11-14 04:30:00.002
2022-11-13 15:49:53,963 INFO 72929 [Timer] /Users/jan/Desktop/pocketbook/node_modules/egg-logrotator/app/schedule/clean_log.js next time will execute after 29406037ms at 2022-11-14 00:00:00.000
2022-11-13 15:49:53,963 INFO 72929 [Timer] /Users/jan/Desktop/pocketbook/node_modules/egg-logrotator/app/schedule/rotate_by_file.js next time will execute after 29407037ms at 2022-11-14 00:00:01.000
2022-11-13 15:49:53,882 INFO 72930 [egg-schedule]: register schedule /Users/jan/Desktop/pocketbook/node_modules/egg-multipart/app/schedule/clean_tmpdir.js
2022-11-13 15:49:53,882 INFO 72930 [egg-schedule]: register schedule /Users/jan/Desktop/pocketbook/node_modules/egg-logrotator/app/schedule/clean_log.js
2022-11-13 15:49:53,882 INFO 72930 [egg-schedule]: register schedule /Users/jan/Desktop/pocketbook/node_modules/egg-logrotator/app/schedule/rotate_by_file.js
2022-11-13 15:59:18,426 INFO 73044 [Timer] /Users/jan/Desktop/pocketbook/node_modules/egg-multipart/app/schedule/clean_tmpdir.js next time will execute after 45041576ms at 2022-11-14 04:30:00.002
2022-11-13 15:59:18,426 INFO 73044 [Timer] /Users/jan/Desktop/pocketbook/node_modules/egg-logrotator/app/schedule/clean_log.js next time will execute after 28841574ms at 2022-11-14 00:00:00.000
2022-11-13 15:59:18,426 INFO 73044 [Timer] /Users/jan/Desktop/pocketbook/node_modules/egg-logrotator/app/schedule/rotate_by_file.js next time will execute after 28842574ms at 2022-11-14 00:00:01.000
2022-11-13 15:59:18,336 INFO 73045 [egg-schedule]: register schedule /Users/jan/Desktop/pocketbook/node_modules/egg-multipart/app/schedule/clean_tmpdir.js
2022-11-13 15:59:18,336 INFO 73045 [egg-schedule]: register schedule /Users/jan/Desktop/pocketbook/node_modules/egg-logrotator/app/schedule/clean_log.js
2022-11-13 15:59:18,336 INFO 73045 [egg-schedule]: register schedule /Users/jan/Desktop/pocketbook/node_modules/egg-logrotator/app/schedule/rotate_by_file.js
2022-11-13 16:00:52,408 INFO 73117 [egg-schedule]: register schedule /Users/jan/Desktop/pocketbook/node_modules/egg-multipart/app/schedule/clean_tmpdir.js
2022-11-13 16:00:52,408 INFO 73117 [egg-schedule]: register schedule /Users/jan/Desktop/pocketbook/node_modules/egg-logrotator/app/schedule/clean_log.js
2022-11-13 16:00:52,408 INFO 73117 [egg-schedule]: register schedule /Users/jan/Desktop/pocketbook/node_modules/egg-logrotator/app/schedule/rotate_by_file.js
2022-11-13 16:01:03,723 INFO 73165 [egg-schedule]: register schedule /Users/jan/Desktop/pocketbook/node_modules/egg-multipart/app/schedule/clean_tmpdir.js
2022-11-13 16:01:03,723 INFO 73165 [egg-schedule]: register schedule /Users/jan/Desktop/pocketbook/node_modules/egg-logrotator/app/schedule/clean_log.js
2022-11-13 16:01:03,723 INFO 73165 [egg-schedule]: register schedule /Users/jan/Desktop/pocketbook/node_modules/egg-logrotator/app/schedule/rotate_by_file.js
2022-11-13 16:02:55,426 INFO 73205 [egg-schedule]: register schedule /Users/jan/Desktop/pocketbook/node_modules/egg-multipart/app/schedule/clean_tmpdir.js
2022-11-13 16:02:55,426 INFO 73205 [egg-schedule]: register schedule /Users/jan/Desktop/pocketbook/node_modules/egg-logrotator/app/schedule/clean_log.js
2022-11-13 16:02:55,426 INFO 73205 [egg-schedule]: register schedule /Users/jan/Desktop/pocketbook/node_modules/egg-logrotator/app/schedule/rotate_by_file.js
2022-11-13 16:05:01,236 INFO 73279 [egg-schedule]: register schedule /Users/jan/Desktop/pocketbook/node_modules/egg-multipart/app/schedule/clean_tmpdir.js
2022-11-13 16:05:01,236 INFO 73279 [egg-schedule]: register schedule /Users/jan/Desktop/pocketbook/node_modules/egg-logrotator/app/schedule/clean_log.js
2022-11-13 16:05:01,236 INFO 73279 [egg-schedule]: register schedule /Users/jan/Desktop/pocketbook/node_modules/egg-logrotator/app/schedule/rotate_by_file.js
2022-11-13 16:07:42,636 INFO 73328 [egg-schedule]: register schedule /Users/jan/Desktop/pocketbook/node_modules/egg-multipart/app/schedule/clean_tmpdir.js
2022-11-13 16:07:42,636 INFO 73328 [egg-schedule]: register schedule /Users/jan/Desktop/pocketbook/node_modules/egg-logrotator/app/schedule/clean_log.js
2022-11-13 16:07:42,636 INFO 73328 [egg-schedule]: register schedule /Users/jan/Desktop/pocketbook/node_modules/egg-logrotator/app/schedule/rotate_by_file.js
2022-11-13 16:14:04,525 INFO 73384 [egg-schedule]: register schedule /Users/jan/Desktop/pocketbook/node_modules/egg-multipart/app/schedule/clean_tmpdir.js
2022-11-13 16:14:04,525 INFO 73384 [egg-schedule]: register schedule /Users/jan/Desktop/pocketbook/node_modules/egg-logrotator/app/schedule/clean_log.js
2022-11-13 16:14:04,525 INFO 73384 [egg-schedule]: register schedule /Users/jan/Desktop/pocketbook/node_modules/egg-logrotator/app/schedule/rotate_by_file.js
2022-11-13 16:14:46,218 INFO 73422 [egg-schedule]: register schedule /Users/jan/Desktop/pocketbook/node_modules/egg-multipart/app/schedule/clean_tmpdir.js
2022-11-13 16:14:46,218 INFO 73422 [egg-schedule]: register schedule /Users/jan/Desktop/pocketbook/node_modules/egg-logrotator/app/schedule/clean_log.js
2022-11-13 16:14:46,218 INFO 73422 [egg-schedule]: register schedule /Users/jan/Desktop/pocketbook/node_modules/egg-logrotator/app/schedule/rotate_by_file.js
2022-11-13 16:15:20,248 INFO 73436 [egg-schedule]: register schedule /Users/jan/Desktop/pocketbook/node_modules/egg-multipart/app/schedule/clean_tmpdir.js
2022-11-13 16:15:20,248 INFO 73436 [egg-schedule]: register schedule /Users/jan/Desktop/pocketbook/node_modules/egg-logrotator/app/schedule/clean_log.js
2022-11-13 16:15:20,248 INFO 73436 [egg-schedule]: register schedule /Users/jan/Desktop/pocketbook/node_modules/egg-logrotator/app/schedule/rotate_by_file.js
2022-11-13 16:17:58,431 INFO 73469 [egg-schedule]: register schedule /Users/jan/Desktop/pocketbook/node_modules/egg-multipart/app/schedule/clean_tmpdir.js
2022-11-13 16:17:58,431 INFO 73469 [egg-schedule]: register schedule /Users/jan/Desktop/pocketbook/node_modules/egg-logrotator/app/schedule/clean_log.js
2022-11-13 16:17:58,431 INFO 73469 [egg-schedule]: register schedule /Users/jan/Desktop/pocketbook/node_modules/egg-logrotator/app/schedule/rotate_by_file.js
2022-11-13 16:19:29,966 INFO 73500 [egg-schedule]: register schedule /Users/jan/Desktop/pocketbook/node_modules/egg-multipart/app/schedule/clean_tmpdir.js
2022-11-13 16:19:29,966 INFO 73500 [egg-schedule]: register schedule /Users/jan/Desktop/pocketbook/node_modules/egg-logrotator/app/schedule/clean_log.js
2022-11-13 16:19:29,966 INFO 73500 [egg-schedule]: register schedule /Users/jan/Desktop/pocketbook/node_modules/egg-logrotator/app/schedule/rotate_by_file.js
2022-11-13 16:21:57,705 INFO 73534 [egg-schedule]: register schedule /Users/jan/Desktop/pocketbook/node_modules/egg-multipart/app/schedule/clean_tmpdir.js
2022-11-13 16:21:57,705 INFO 73534 [egg-schedule]: register schedule /Users/jan/Desktop/pocketbook/node_modules/egg-logrotator/app/schedule/clean_log.js
2022-11-13 16:21:57,705 INFO 73534 [egg-schedule]: register schedule /Users/jan/Desktop/pocketbook/node_modules/egg-logrotator/app/schedule/rotate_by_file.js
2022-11-13 16:22:21,188 INFO 73558 [egg-schedule]: register schedule /Users/jan/Desktop/pocketbook/node_modules/egg-multipart/app/schedule/clean_tmpdir.js
2022-11-13 16:22:21,188 INFO 73558 [egg-schedule]: register schedule /Users/jan/Desktop/pocketbook/node_modules/egg-logrotator/app/schedule/clean_log.js
2022-11-13 16:22:21,188 INFO 73558 [egg-schedule]: register schedule /Users/jan/Desktop/pocketbook/node_modules/egg-logrotator/app/schedule/rotate_by_file.js
2022-11-13 16:22:54,026 INFO 73582 [egg-schedule]: register schedule /Users/jan/Desktop/pocketbook/node_modules/egg-multipart/app/schedule/clean_tmpdir.js
2022-11-13 16:22:54,026 INFO 73582 [egg-schedule]: register schedule /Users/jan/Desktop/pocketbook/node_modules/egg-logrotator/app/schedule/clean_log.js
2022-11-13 16:22:54,026 INFO 73582 [egg-schedule]: register schedule /Users/jan/Desktop/pocketbook/node_modules/egg-logrotator/app/schedule/rotate_by_file.js
2022-11-13 16:26:26,901 INFO 73613 [egg-schedule]: register schedule /Users/jan/Desktop/pocketbook/node_modules/egg-multipart/app/schedule/clean_tmpdir.js
2022-11-13 16:26:26,901 INFO 73613 [egg-schedule]: register schedule /Users/jan/Desktop/pocketbook/node_modules/egg-logrotator/app/schedule/clean_log.js
2022-11-13 16:26:26,901 INFO 73613 [egg-schedule]: register schedule /Users/jan/Desktop/pocketbook/node_modules/egg-logrotator/app/schedule/rotate_by_file.js
2022-11-13 16:27:12,090 INFO 73658 [Timer] /Users/jan/Desktop/pocketbook/node_modules/egg-multipart/app/schedule/clean_tmpdir.js next time will execute after 43367911ms at 2022-11-14 04:30:00.001
2022-11-13 16:27:12,091 INFO 73658 [Timer] /Users/jan/Desktop/pocketbook/node_modules/egg-logrotator/app/schedule/clean_log.js next time will execute after 27167909ms at 2022-11-14 00:00:00.000
2022-11-13 16:27:12,091 INFO 73658 [Timer] /Users/jan/Desktop/pocketbook/node_modules/egg-logrotator/app/schedule/rotate_by_file.js next time will execute after 27168909ms at 2022-11-14 00:00:01.000
2022-11-13 16:27:12,007 INFO 73659 [egg-schedule]: register schedule /Users/jan/Desktop/pocketbook/node_modules/egg-multipart/app/schedule/clean_tmpdir.js
2022-11-13 16:27:12,007 INFO 73659 [egg-schedule]: register schedule /Users/jan/Desktop/pocketbook/node_modules/egg-logrotator/app/schedule/clean_log.js
2022-11-13 16:27:12,007 INFO 73659 [egg-schedule]: register schedule /Users/jan/Desktop/pocketbook/node_modules/egg-logrotator/app/schedule/rotate_by_file.js
2022-11-13 16:31:26,095 INFO 73808 [egg-schedule]: register schedule /Users/jan/Desktop/pocketbook/node_modules/egg-multipart/app/schedule/clean_tmpdir.js
2022-11-13 16:31:26,095 INFO 73808 [egg-schedule]: register schedule /Users/jan/Desktop/pocketbook/node_modules/egg-logrotator/app/schedule/clean_log.js
2022-11-13 16:31:26,095 INFO 73808 [egg-schedule]: register schedule /Users/jan/Desktop/pocketbook/node_modules/egg-logrotator/app/schedule/rotate_by_file.js
2022-11-13 16:31:46,887 INFO 73828 [egg-schedule]: register schedule /Users/jan/Desktop/pocketbook/node_modules/egg-multipart/app/schedule/clean_tmpdir.js
2022-11-13 16:31:46,888 INFO 73828 [egg-schedule]: register schedule /Users/jan/Desktop/pocketbook/node_modules/egg-logrotator/app/schedule/clean_log.js
2022-11-13 16:31:46,888 INFO 73828 [egg-schedule]: register schedule /Users/jan/Desktop/pocketbook/node_modules/egg-logrotator/app/schedule/rotate_by_file.js
2022-11-13 16:32:11,888 INFO 73846 [egg-schedule]: register schedule /Users/jan/Desktop/pocketbook/node_modules/egg-multipart/app/schedule/clean_tmpdir.js
2022-11-13 16:32:11,888 INFO 73846 [egg-schedule]: register schedule /Users/jan/Desktop/pocketbook/node_modules/egg-logrotator/app/schedule/clean_log.js
2022-11-13 16:32:11,888 INFO 73846 [egg-schedule]: register schedule /Users/jan/Desktop/pocketbook/node_modules/egg-logrotator/app/schedule/rotate_by_file.js
2022-11-13 16:48:37,802 INFO 73975 [egg-schedule]: register schedule /Users/jan/Desktop/pocketbook/node_modules/egg-multipart/app/schedule/clean_tmpdir.js
2022-11-13 16:48:37,802 INFO 73975 [egg-schedule]: register schedule /Users/jan/Desktop/pocketbook/node_modules/egg-logrotator/app/schedule/clean_log.js
2022-11-13 16:48:37,802 INFO 73975 [egg-schedule]: register schedule /Users/jan/Desktop/pocketbook/node_modules/egg-logrotator/app/schedule/rotate_by_file.js
2022-11-13 16:49:23,063 INFO 74007 [egg-schedule]: register schedule /Users/jan/Desktop/pocketbook/node_modules/egg-multipart/app/schedule/clean_tmpdir.js
2022-11-13 16:49:23,063 INFO 74007 [egg-schedule]: register schedule /Users/jan/Desktop/pocketbook/node_modules/egg-logrotator/app/schedule/clean_log.js
2022-11-13 16:49:23,063 INFO 74007 [egg-schedule]: register schedule /Users/jan/Desktop/pocketbook/node_modules/egg-logrotator/app/schedule/rotate_by_file.js
2022-11-13 16:49:37,665 INFO 74041 [egg-schedule]: register schedule /Users/jan/Desktop/pocketbook/node_modules/egg-multipart/app/schedule/clean_tmpdir.js
2022-11-13 16:49:37,665 INFO 74041 [egg-schedule]: register schedule /Users/jan/Desktop/pocketbook/node_modules/egg-logrotator/app/schedule/clean_log.js
2022-11-13 16:49:37,665 INFO 74041 [egg-schedule]: register schedule /Users/jan/Desktop/pocketbook/node_modules/egg-logrotator/app/schedule/rotate_by_file.js
2022-11-13 17:36:12,768 INFO 74540 [egg-schedule]: register schedule /Users/jan/Desktop/pocketbook/node_modules/egg-multipart/app/schedule/clean_tmpdir.js
2022-11-13 17:36:12,768 INFO 74540 [egg-schedule]: register schedule /Users/jan/Desktop/pocketbook/node_modules/egg-logrotator/app/schedule/clean_log.js
2022-11-13 17:36:12,768 INFO 74540 [egg-schedule]: register schedule /Users/jan/Desktop/pocketbook/node_modules/egg-logrotator/app/schedule/rotate_by_file.js
2022-11-13 17:37:31,180 INFO 74578 [egg-schedule]: register schedule /Users/jan/Desktop/pocketbook/node_modules/egg-multipart/app/schedule/clean_tmpdir.js
2022-11-13 17:37:31,180 INFO 74578 [egg-schedule]: register schedule /Users/jan/Desktop/pocketbook/node_modules/egg-logrotator/app/schedule/clean_log.js
2022-11-13 17:37:31,180 INFO 74578 [egg-schedule]: register schedule /Users/jan/Desktop/pocketbook/node_modules/egg-logrotator/app/schedule/rotate_by_file.js
2022-11-13 17:37:44,218 INFO 74599 [egg-schedule]: register schedule /Users/jan/Desktop/pocketbook/node_modules/egg-multipart/app/schedule/clean_tmpdir.js
2022-11-13 17:37:44,218 INFO 74599 [egg-schedule]: register schedule /Users/jan/Desktop/pocketbook/node_modules/egg-logrotator/app/schedule/clean_log.js
2022-11-13 17:37:44,218 INFO 74599 [egg-schedule]: register schedule /Users/jan/Desktop/pocketbook/node_modules/egg-logrotator/app/schedule/rotate_by_file.js
2022-11-13 17:38:09,364 INFO 74622 [egg-schedule]: register schedule /Users/jan/Desktop/pocketbook/node_modules/egg-multipart/app/schedule/clean_tmpdir.js
2022-11-13 17:38:09,364 INFO 74622 [egg-schedule]: register schedule /Users/jan/Desktop/pocketbook/node_modules/egg-logrotator/app/schedule/clean_log.js
2022-11-13 17:38:09,364 INFO 74622 [egg-schedule]: register schedule /Users/jan/Desktop/pocketbook/node_modules/egg-logrotator/app/schedule/rotate_by_file.js
2022-11-13 17:39:31,765 INFO 74640 [egg-schedule]: register schedule /Users/jan/Desktop/pocketbook/node_modules/egg-multipart/app/schedule/clean_tmpdir.js
2022-11-13 17:39:31,765 INFO 74640 [egg-schedule]: register schedule /Users/jan/Desktop/pocketbook/node_modules/egg-logrotator/app/schedule/clean_log.js
2022-11-13 17:39:31,765 INFO 74640 [egg-schedule]: register schedule /Users/jan/Desktop/pocketbook/node_modules/egg-logrotator/app/schedule/rotate_by_file.js
2022-11-13 17:40:03,819 INFO 74673 [egg-schedule]: register schedule /Users/jan/Desktop/pocketbook/node_modules/egg-multipart/app/schedule/clean_tmpdir.js
2022-11-13 17:40:03,819 INFO 74673 [egg-schedule]: register schedule /Users/jan/Desktop/pocketbook/node_modules/egg-logrotator/app/schedule/clean_log.js
2022-11-13 17:40:03,819 INFO 74673 [egg-schedule]: register schedule /Users/jan/Desktop/pocketbook/node_modules/egg-logrotator/app/schedule/rotate_by_file.js
2022-11-13 17:40:34,709 INFO 74692 [egg-schedule]: register schedule /Users/jan/Desktop/pocketbook/node_modules/egg-multipart/app/schedule/clean_tmpdir.js
2022-11-13 17:40:34,709 INFO 74692 [egg-schedule]: register schedule /Users/jan/Desktop/pocketbook/node_modules/egg-logrotator/app/schedule/clean_log.js
2022-11-13 17:40:34,709 INFO 74692 [egg-schedule]: register schedule /Users/jan/Desktop/pocketbook/node_modules/egg-logrotator/app/schedule/rotate_by_file.js
2022-11-13 17:42:05,877 INFO 74722 [egg-schedule]: register schedule /Users/jan/Desktop/pocketbook/node_modules/egg-multipart/app/schedule/clean_tmpdir.js
2022-11-13 17:42:05,877 INFO 74722 [egg-schedule]: register schedule /Users/jan/Desktop/pocketbook/node_modules/egg-logrotator/app/schedule/clean_log.js
2022-11-13 17:42:05,877 INFO 74722 [egg-schedule]: register schedule /Users/jan/Desktop/pocketbook/node_modules/egg-logrotator/app/schedule/rotate_by_file.js
2022-11-13 17:42:35,756 INFO 74749 [egg-schedule]: register schedule /Users/jan/Desktop/pocketbook/node_modules/egg-multipart/app/schedule/clean_tmpdir.js
2022-11-13 17:42:35,756 INFO 74749 [egg-schedule]: register schedule /Users/jan/Desktop/pocketbook/node_modules/egg-logrotator/app/schedule/clean_log.js
2022-11-13 17:42:35,756 INFO 74749 [egg-schedule]: register schedule /Users/jan/Desktop/pocketbook/node_modules/egg-logrotator/app/schedule/rotate_by_file.js
2022-11-13 17:42:49,240 INFO 74769 [egg-schedule]: register schedule /Users/jan/Desktop/pocketbook/node_modules/egg-multipart/app/schedule/clean_tmpdir.js
2022-11-13 17:42:49,240 INFO 74769 [egg-schedule]: register schedule /Users/jan/Desktop/pocketbook/node_modules/egg-logrotator/app/schedule/clean_log.js
2022-11-13 17:42:49,240 INFO 74769 [egg-schedule]: register schedule /Users/jan/Desktop/pocketbook/node_modules/egg-logrotator/app/schedule/rotate_by_file.js
2022-11-13 17:51:11,492 INFO 74869 [egg-schedule]: register schedule /Users/jan/Desktop/pocketbook/node_modules/egg-multipart/app/schedule/clean_tmpdir.js
2022-11-13 17:51:11,492 INFO 74869 [egg-schedule]: register schedule /Users/jan/Desktop/pocketbook/node_modules/egg-logrotator/app/schedule/clean_log.js
2022-11-13 17:51:11,492 INFO 74869 [egg-schedule]: register schedule /Users/jan/Desktop/pocketbook/node_modules/egg-logrotator/app/schedule/rotate_by_file.js
2022-11-13 17:51:37,624 INFO 74908 [egg-schedule]: register schedule /Users/jan/Desktop/pocketbook/node_modules/egg-multipart/app/schedule/clean_tmpdir.js
2022-11-13 17:51:37,624 INFO 74908 [egg-schedule]: register schedule /Users/jan/Desktop/pocketbook/node_modules/egg-logrotator/app/schedule/clean_log.js
2022-11-13 17:51:37,624 INFO 74908 [egg-schedule]: register schedule /Users/jan/Desktop/pocketbook/node_modules/egg-logrotator/app/schedule/rotate_by_file.js
2022-11-13 17:51:47,300 INFO 74929 [egg-schedule]: register schedule /Users/jan/Desktop/pocketbook/node_modules/egg-multipart/app/schedule/clean_tmpdir.js
2022-11-13 17:51:47,300 INFO 74929 [egg-schedule]: register schedule /Users/jan/Desktop/pocketbook/node_modules/egg-logrotator/app/schedule/clean_log.js
2022-11-13 17:51:47,300 INFO 74929 [egg-schedule]: register schedule /Users/jan/Desktop/pocketbook/node_modules/egg-logrotator/app/schedule/rotate_by_file.js
2022-11-13 17:53:08,515 INFO 74954 [egg-schedule]: register schedule /Users/jan/Desktop/pocketbook/node_modules/egg-multipart/app/schedule/clean_tmpdir.js
2022-11-13 17:53:08,515 INFO 74954 [egg-schedule]: register schedule /Users/jan/Desktop/pocketbook/node_modules/egg-logrotator/app/schedule/clean_log.js
2022-11-13 17:53:08,515 INFO 74954 [egg-schedule]: register schedule /Users/jan/Desktop/pocketbook/node_modules/egg-logrotator/app/schedule/rotate_by_file.js
2022-11-13 17:53:11,532 INFO 74972 [egg-schedule]: register schedule /Users/jan/Desktop/pocketbook/node_modules/egg-multipart/app/schedule/clean_tmpdir.js
2022-11-13 17:53:11,532 INFO 74972 [egg-schedule]: register schedule /Users/jan/Desktop/pocketbook/node_modules/egg-logrotator/app/schedule/clean_log.js
2022-11-13 17:53:11,532 INFO 74972 [egg-schedule]: register schedule /Users/jan/Desktop/pocketbook/node_modules/egg-logrotator/app/schedule/rotate_by_file.js
2022-11-13 17:53:43,902 INFO 74989 [egg-schedule]: register schedule /Users/jan/Desktop/pocketbook/node_modules/egg-multipart/app/schedule/clean_tmpdir.js
2022-11-13 17:53:43,902 INFO 74989 [egg-schedule]: register schedule /Users/jan/Desktop/pocketbook/node_modules/egg-logrotator/app/schedule/clean_log.js
2022-11-13 17:53:43,902 INFO 74989 [egg-schedule]: register schedule /Users/jan/Desktop/pocketbook/node_modules/egg-logrotator/app/schedule/rotate_by_file.js
